<?xml version="1.0" encoding="UTF-8"?>
<!-- Generated by org.testng.reporters.JUnitXMLReporter -->
<testsuite hostname="DESKTOP-U4O5QME" ignored="0" name="Default test" tests="3" failures="0" timestamp="08 Mar 2019 11:51:31 GMT" time="44.841" errors="0">
  <testcase name="createOrganizationTest" time="8.362" classname="com.Vtiger.OrganizationTest.OrganizationTest"/>
  <testcase name="deleteOrganizationTest" time="8.11" classname="com.Vtiger.OrganizationTest.OrganizationTest"/>
  <testcase name="modifyOrganizationTest" time="8.837" classname="com.Vtiger.OrganizationTest.OrganizationTest"/>
</testsuite> <!-- Default test -->
