<?xml version="1.0" encoding="UTF-8"?>
<testng-results skipped="0" failed="0" ignored="0" total="3" passed="3">
  <reporter-output>
    <line>
      <![CDATA[[ ACC204 ] Qspiders - Organization Information]]>
    </line>
    <line>
      <![CDATA[Organization Qspiders created]]>
    </line>
    <line>
      <![CDATA[Organization Fspiders deleted]]>
    </line>
    <line>
      <![CDATA[Organization Jspiders modified to Rspiders]]>
    </line>
  </reporter-output>
  <suite name="Default suite" duration-ms="44841" started-at="2019-03-08T11:50:46Z" finished-at="2019-03-08T11:51:31Z">
    <groups>
    </groups>
    <test name="Default test" duration-ms="44841" started-at="2019-03-08T11:50:46Z" finished-at="2019-03-08T11:51:31Z">
      <class name="com.Vtiger.OrganizationTest.OrganizationTest">
        <test-method status="PASS" signature="configBC()[pri:0, instance:com.Vtiger.OrganizationTest.OrganizationTest@61832929]" name="configBC" is-config="true" duration-ms="4355" started-at="2019-03-08T11:50:46Z" finished-at="2019-03-08T11:50:51Z">
          <reporter-output>
          </reporter-output>
        </test-method> <!-- configBC -->
        <test-method status="PASS" signature="configBM()[pri:0, instance:com.Vtiger.OrganizationTest.OrganizationTest@61832929]" name="configBM" is-config="true" duration-ms="3142" started-at="2019-03-08T11:50:51Z" finished-at="2019-03-08T11:50:54Z">
          <reporter-output>
          </reporter-output>
        </test-method> <!-- configBM -->
        <test-method status="PASS" signature="createOrganizationTest()[pri:0, instance:com.Vtiger.OrganizationTest.OrganizationTest@61832929]" name="createOrganizationTest" duration-ms="8362" started-at="2019-03-08T11:50:54Z" finished-at="2019-03-08T11:51:02Z">
          <reporter-output>
            <line>
              <![CDATA[[ ACC204 ] Qspiders - Organization Information]]>
            </line>
            <line>
              <![CDATA[Organization Qspiders created]]>
            </line>
          </reporter-output>
        </test-method> <!-- createOrganizationTest -->
        <test-method status="PASS" signature="configAM()[pri:0, instance:com.Vtiger.OrganizationTest.OrganizationTest@61832929]" name="configAM" is-config="true" duration-ms="1024" started-at="2019-03-08T11:51:02Z" finished-at="2019-03-08T11:51:03Z">
          <reporter-output>
          </reporter-output>
        </test-method> <!-- configAM -->
        <test-method status="PASS" signature="configBM()[pri:0, instance:com.Vtiger.OrganizationTest.OrganizationTest@61832929]" name="configBM" is-config="true" duration-ms="2385" started-at="2019-03-08T11:51:03Z" finished-at="2019-03-08T11:51:06Z">
          <reporter-output>
          </reporter-output>
        </test-method> <!-- configBM -->
        <test-method status="PASS" signature="deleteOrganizationTest()[pri:0, instance:com.Vtiger.OrganizationTest.OrganizationTest@61832929]" name="deleteOrganizationTest" duration-ms="8110" started-at="2019-03-08T11:51:06Z" finished-at="2019-03-08T11:51:14Z">
          <reporter-output>
            <line>
              <![CDATA[Organization Fspiders deleted]]>
            </line>
          </reporter-output>
        </test-method> <!-- deleteOrganizationTest -->
        <test-method status="PASS" signature="configAM()[pri:0, instance:com.Vtiger.OrganizationTest.OrganizationTest@61832929]" name="configAM" is-config="true" duration-ms="2868" started-at="2019-03-08T11:51:14Z" finished-at="2019-03-08T11:51:17Z">
          <reporter-output>
          </reporter-output>
        </test-method> <!-- configAM -->
        <test-method status="PASS" signature="configBM()[pri:0, instance:com.Vtiger.OrganizationTest.OrganizationTest@61832929]" name="configBM" is-config="true" duration-ms="2129" started-at="2019-03-08T11:51:17Z" finished-at="2019-03-08T11:51:19Z">
          <reporter-output>
          </reporter-output>
        </test-method> <!-- configBM -->
        <test-method status="PASS" signature="modifyOrganizationTest()[pri:0, instance:com.Vtiger.OrganizationTest.OrganizationTest@61832929]" name="modifyOrganizationTest" duration-ms="8837" started-at="2019-03-08T11:51:19Z" finished-at="2019-03-08T11:51:28Z">
          <reporter-output>
            <line>
              <![CDATA[Organization Jspiders modified to Rspiders]]>
            </line>
          </reporter-output>
        </test-method> <!-- modifyOrganizationTest -->
        <test-method status="PASS" signature="configAM()[pri:0, instance:com.Vtiger.OrganizationTest.OrganizationTest@61832929]" name="configAM" is-config="true" duration-ms="3485" started-at="2019-03-08T11:51:28Z" finished-at="2019-03-08T11:51:31Z">
          <reporter-output>
          </reporter-output>
        </test-method> <!-- configAM -->
        <test-method status="PASS" signature="configAC()[pri:0, instance:com.Vtiger.OrganizationTest.OrganizationTest@61832929]" name="configAC" is-config="true" duration-ms="96" started-at="2019-03-08T11:51:31Z" finished-at="2019-03-08T11:51:31Z">
          <reporter-output>
          </reporter-output>
        </test-method> <!-- configAC -->
      </class> <!-- com.Vtiger.OrganizationTest.OrganizationTest -->
    </test> <!-- Default test -->
  </suite> <!-- Default suite -->
</testng-results>
